2022-03-24 02:15:39.969  INFO 12200 --- [restartedMain] com.project.ProjectServiceApplication    : Starting ProjectServiceApplication using Java 1.8.0_291 on DESKTOP-BGABRTD with PID 12200 (C:\Users\i\Downloads\project-service\target\classes started by i in C:\Users\i\Downloads\project-service)
2022-03-24 02:15:39.969  INFO 12200 --- [restartedMain] com.project.ProjectServiceApplication    : No active profile set, falling back to 1 default profile: "default"
2022-03-24 02:15:40.424  INFO 12200 --- [restartedMain] .e.DevToolsPropertyDefaultsPostProcessor : Devtools property defaults active! Set 'spring.devtools.add-properties' to 'false' to disable
2022-03-24 02:15:40.440  INFO 12200 --- [restartedMain] .e.DevToolsPropertyDefaultsPostProcessor : For additional web related logging consider setting the 'logging.level.web' property to 'DEBUG'
2022-03-24 02:15:46.958  INFO 12200 --- [restartedMain] o.s.b.w.embedded.tomcat.TomcatWebServer  : Tomcat initialized with port(s): 8080 (http)
2022-03-24 02:15:47.030  INFO 12200 --- [restartedMain] o.apache.catalina.core.StandardService   : Starting service [Tomcat]
2022-03-24 02:15:47.030  INFO 12200 --- [restartedMain] org.apache.catalina.core.StandardEngine  : Starting Servlet engine: [Apache Tomcat/9.0.58]
2022-03-24 02:15:47.448  INFO 12200 --- [restartedMain] o.a.c.c.C.[Tomcat].[localhost].[/]       : Initializing Spring embedded WebApplicationContext
2022-03-24 02:15:47.448  INFO 12200 --- [restartedMain] w.s.c.ServletWebServerApplicationContext : Root WebApplicationContext: initialization completed in 7007 ms
2022-03-24 02:15:48.584  WARN 12200 --- [restartedMain] ConfigServletWebServerApplicationContext : Exception encountered during context initialization - cancelling refresh attempt: org.springframework.beans.factory.BeanCreationException: Error creating bean with name 'projectController' defined in file [C:\Users\i\Downloads\project-service\target\classes\com\project\controller\ProjectController.class]: Instantiation of bean failed; nested exception is java.lang.NoClassDefFoundError: org/junit/platform/commons/logging/LoggerFactory
2022-03-24 02:15:48.592  INFO 12200 --- [restartedMain] o.apache.catalina.core.StandardService   : Stopping service [Tomcat]
2022-03-24 02:15:48.983  INFO 12200 --- [restartedMain] ConditionEvaluationReportLoggingListener : 

Error starting ApplicationContext. To display the conditions report re-run your application with 'debug' enabled.
2022-03-24 02:15:49.134 ERROR 12200 --- [restartedMain] o.s.boot.SpringApplication               : Application run failed

org.springframework.beans.factory.BeanCreationException: Error creating bean with name 'projectController' defined in file [C:\Users\i\Downloads\project-service\target\classes\com\project\controller\ProjectController.class]: Instantiation of bean failed; nested exception is java.lang.NoClassDefFoundError: org/junit/platform/commons/logging/LoggerFactory
	at org.springframework.beans.factory.support.AbstractAutowireCapableBeanFactory.instantiateBean(AbstractAutowireCapableBeanFactory.java:1334) ~[spring-beans-5.3.16.jar:5.3.16]
	at org.springframework.beans.factory.support.AbstractAutowireCapableBeanFactory.createBeanInstance(AbstractAutowireCapableBeanFactory.java:1232) ~[spring-beans-5.3.16.jar:5.3.16]
	at org.springframework.beans.factory.support.AbstractAutowireCapableBeanFactory.doCreateBean(AbstractAutowireCapableBeanFactory.java:582) ~[spring-beans-5.3.16.jar:5.3.16]
	at org.springframework.beans.factory.support.AbstractAutowireCapableBeanFactory.createBean(AbstractAutowireCapableBeanFactory.java:542) ~[spring-beans-5.3.16.jar:5.3.16]
	at org.springframework.beans.factory.support.AbstractBeanFactory.lambda$doGetBean$0(AbstractBeanFactory.java:335) ~[spring-beans-5.3.16.jar:5.3.16]
	at org.springframework.beans.factory.support.DefaultSingletonBeanRegistry.getSingleton(DefaultSingletonBeanRegistry.java:234) ~[spring-beans-5.3.16.jar:5.3.16]
	at org.springframework.beans.factory.support.AbstractBeanFactory.doGetBean(AbstractBeanFactory.java:333) ~[spring-beans-5.3.16.jar:5.3.16]
	at org.springframework.beans.factory.support.AbstractBeanFactory.getBean(AbstractBeanFactory.java:208) ~[spring-beans-5.3.16.jar:5.3.16]
	at org.springframework.beans.factory.support.DefaultListableBeanFactory.preInstantiateSingletons(DefaultListableBeanFactory.java:953) ~[spring-beans-5.3.16.jar:5.3.16]
	at org.springframework.context.support.AbstractApplicationContext.finishBeanFactoryInitialization(AbstractApplicationContext.java:918) ~[spring-context-5.3.16.jar:5.3.16]
	at org.springframework.context.support.AbstractApplicationContext.refresh(AbstractApplicationContext.java:583) ~[spring-context-5.3.16.jar:5.3.16]
	at org.springframework.boot.web.servlet.context.ServletWebServerApplicationContext.refresh(ServletWebServerApplicationContext.java:145) ~[spring-boot-2.6.4.jar:2.6.4]
	at org.springframework.boot.SpringApplication.refresh(SpringApplication.java:740) [spring-boot-2.6.4.jar:2.6.4]
	at org.springframework.boot.SpringApplication.refreshContext(SpringApplication.java:415) [spring-boot-2.6.4.jar:2.6.4]
	at org.springframework.boot.SpringApplication.run(SpringApplication.java:303) [spring-boot-2.6.4.jar:2.6.4]
	at org.springframework.boot.SpringApplication.run(SpringApplication.java:1312) [spring-boot-2.6.4.jar:2.6.4]
	at org.springframework.boot.SpringApplication.run(SpringApplication.java:1301) [spring-boot-2.6.4.jar:2.6.4]
	at com.project.ProjectServiceApplication.main(ProjectServiceApplication.java:10) [classes/:na]
	at sun.reflect.NativeMethodAccessorImpl.invoke0(Native Method) ~[na:1.8.0_291]
	at sun.reflect.NativeMethodAccessorImpl.invoke(Unknown Source) ~[na:1.8.0_291]
	at sun.reflect.DelegatingMethodAccessorImpl.invoke(Unknown Source) ~[na:1.8.0_291]
	at java.lang.reflect.Method.invoke(Unknown Source) ~[na:1.8.0_291]
	at org.springframework.boot.devtools.restart.RestartLauncher.run(RestartLauncher.java:49) [spring-boot-devtools-2.6.4.jar:2.6.4]
Caused by: java.lang.NoClassDefFoundError: org/junit/platform/commons/logging/LoggerFactory
	at com.project.controller.ProjectController.<clinit>(ProjectController.java:17) ~[classes/:na]
	at sun.reflect.NativeConstructorAccessorImpl.newInstance0(Native Method) ~[na:1.8.0_291]
	at sun.reflect.NativeConstructorAccessorImpl.newInstance(Unknown Source) ~[na:1.8.0_291]
	at sun.reflect.DelegatingConstructorAccessorImpl.newInstance(Unknown Source) ~[na:1.8.0_291]
	at java.lang.reflect.Constructor.newInstance(Unknown Source) ~[na:1.8.0_291]
	at org.springframework.beans.BeanUtils.instantiateClass(BeanUtils.java:211) ~[spring-beans-5.3.16.jar:5.3.16]
	at org.springframework.beans.factory.support.SimpleInstantiationStrategy.instantiate(SimpleInstantiationStrategy.java:87) ~[spring-beans-5.3.16.jar:5.3.16]
	at org.springframework.beans.factory.support.AbstractAutowireCapableBeanFactory.instantiateBean(AbstractAutowireCapableBeanFactory.java:1326) ~[spring-beans-5.3.16.jar:5.3.16]
	... 22 common frames omitted
Caused by: java.lang.ClassNotFoundException: org.junit.platform.commons.logging.LoggerFactory
	at java.net.URLClassLoader.findClass(Unknown Source) ~[na:1.8.0_291]
	at java.lang.ClassLoader.loadClass(Unknown Source) ~[na:1.8.0_291]
	at sun.misc.Launcher$AppClassLoader.loadClass(Unknown Source) ~[na:1.8.0_291]
	at java.lang.ClassLoader.loadClass(Unknown Source) ~[na:1.8.0_291]
	at java.lang.Class.forName0(Native Method) ~[na:1.8.0_291]
	at java.lang.Class.forName(Unknown Source) ~[na:1.8.0_291]
	at org.springframework.boot.devtools.restart.classloader.RestartClassLoader.loadClass(RestartClassLoader.java:145) ~[spring-boot-devtools-2.6.4.jar:2.6.4]
	at java.lang.ClassLoader.loadClass(Unknown Source) ~[na:1.8.0_291]
	... 30 common frames omitted

2022-03-24 02:30:34.171  INFO 12204 --- [restartedMain] com.project.ProjectServiceApplication    : Starting ProjectServiceApplication using Java 1.8.0_291 on DESKTOP-BGABRTD with PID 12204 (C:\Users\i\Downloads\project-service\target\classes started by i in C:\Users\i\Downloads\project-service)
2022-03-24 02:30:34.734  INFO 12204 --- [restartedMain] com.project.ProjectServiceApplication    : No active profile set, falling back to 1 default profile: "default"
2022-03-24 02:30:38.466  INFO 12204 --- [restartedMain] .e.DevToolsPropertyDefaultsPostProcessor : Devtools property defaults active! Set 'spring.devtools.add-properties' to 'false' to disable
2022-03-24 02:30:38.469  INFO 12204 --- [restartedMain] .e.DevToolsPropertyDefaultsPostProcessor : For additional web related logging consider setting the 'logging.level.web' property to 'DEBUG'
2022-03-24 02:30:45.675  INFO 12204 --- [restartedMain] o.s.b.w.embedded.tomcat.TomcatWebServer  : Tomcat initialized with port(s): 8080 (http)
2022-03-24 02:30:45.768  INFO 12204 --- [restartedMain] o.apache.catalina.core.StandardService   : Starting service [Tomcat]
2022-03-24 02:30:45.784  INFO 12204 --- [restartedMain] org.apache.catalina.core.StandardEngine  : Starting Servlet engine: [Apache Tomcat/9.0.58]
2022-03-24 02:30:46.179  INFO 12204 --- [restartedMain] o.a.c.c.C.[Tomcat].[localhost].[/]       : Initializing Spring embedded WebApplicationContext
2022-03-24 02:30:46.179  INFO 12204 --- [restartedMain] w.s.c.ServletWebServerApplicationContext : Root WebApplicationContext: initialization completed in 7708 ms
2022-03-24 02:30:49.305  INFO 12204 --- [restartedMain] o.s.b.d.a.OptionalLiveReloadServer       : LiveReload server is running on port 35729
2022-03-24 02:30:49.327  INFO 12204 --- [restartedMain] o.s.b.a.e.web.EndpointLinksResolver      : Exposing 1 endpoint(s) beneath base path '/actuator'
2022-03-24 02:30:49.610  INFO 12204 --- [restartedMain] o.s.b.w.embedded.tomcat.TomcatWebServer  : Tomcat started on port(s): 8080 (http) with context path ''
2022-03-24 02:30:49.673  INFO 12204 --- [restartedMain] com.project.ProjectServiceApplication    : Started ProjectServiceApplication in 17.068 seconds (JVM running for 18.473)
2022-03-24 02:31:26.467  INFO 12204 --- [restartedMain] com.project.ProjectServiceApplication    : Starting ProjectServiceApplication using Java 1.8.0_291 on DESKTOP-BGABRTD with PID 12204 (C:\Users\i\Downloads\project-service\target\classes started by i in C:\Users\i\Downloads\project-service)
2022-03-24 02:31:26.467  INFO 12204 --- [restartedMain] com.project.ProjectServiceApplication    : No active profile set, falling back to 1 default profile: "default"
2022-03-24 02:31:27.643  INFO 12204 --- [restartedMain] o.s.b.w.embedded.tomcat.TomcatWebServer  : Tomcat initialized with port(s): 8080 (http)
2022-03-24 02:31:27.645  INFO 12204 --- [restartedMain] o.apache.catalina.core.StandardService   : Starting service [Tomcat]
2022-03-24 02:31:27.646  INFO 12204 --- [restartedMain] org.apache.catalina.core.StandardEngine  : Starting Servlet engine: [Apache Tomcat/9.0.58]
2022-03-24 02:31:27.678  INFO 12204 --- [restartedMain] o.a.c.c.C.[Tomcat].[localhost].[/]       : Initializing Spring embedded WebApplicationContext
2022-03-24 02:31:27.678  INFO 12204 --- [restartedMain] w.s.c.ServletWebServerApplicationContext : Root WebApplicationContext: initialization completed in 1211 ms
2022-03-24 02:31:28.111  INFO 12204 --- [restartedMain] o.s.b.d.a.OptionalLiveReloadServer       : LiveReload server is running on port 35729
2022-03-24 02:31:28.127  INFO 12204 --- [restartedMain] o.s.b.a.e.web.EndpointLinksResolver      : Exposing 1 endpoint(s) beneath base path '/actuator'
2022-03-24 02:31:28.158  INFO 12204 --- [restartedMain] o.s.b.w.embedded.tomcat.TomcatWebServer  : Tomcat started on port(s): 8080 (http) with context path ''
2022-03-24 02:31:28.174  INFO 12204 --- [restartedMain] com.project.ProjectServiceApplication    : Started ProjectServiceApplication in 1.824 seconds (JVM running for 56.978)
2022-03-24 02:31:28.189  INFO 12204 --- [restartedMain] .ConditionEvaluationDeltaLoggingListener : Condition evaluation unchanged
2022-03-24 02:32:15.387  INFO 12204 --- [http-nio-8080-exec-1] o.a.c.c.C.[Tomcat].[localhost].[/]       : Initializing Spring DispatcherServlet 'dispatcherServlet'
2022-03-24 02:32:15.389  INFO 12204 --- [http-nio-8080-exec-1] o.s.web.servlet.DispatcherServlet        : Initializing Servlet 'dispatcherServlet'
2022-03-24 02:32:15.393  INFO 12204 --- [http-nio-8080-exec-1] o.s.web.servlet.DispatcherServlet        : Completed initialization in 3 ms
2022-03-24 02:32:15.576  INFO 12204 --- [http-nio-8080-exec-1] c.project.controller.ProjectController   : Test Successfully
2022-03-24 02:35:28.049  INFO 12204 --- [restartedMain] com.project.ProjectServiceApplication    : Starting ProjectServiceApplication using Java 1.8.0_291 on DESKTOP-BGABRTD with PID 12204 (C:\Users\i\Downloads\project-service\target\classes started by i in C:\Users\i\Downloads\project-service)
2022-03-24 02:35:28.050  INFO 12204 --- [restartedMain] com.project.ProjectServiceApplication    : No active profile set, falling back to 1 default profile: "default"
2022-03-24 02:35:30.279  INFO 12204 --- [restartedMain] o.s.b.w.embedded.tomcat.TomcatWebServer  : Tomcat initialized with port(s): 8080 (http)
2022-03-24 02:35:30.284  INFO 12204 --- [restartedMain] o.apache.catalina.core.StandardService   : Starting service [Tomcat]
2022-03-24 02:35:30.285  INFO 12204 --- [restartedMain] org.apache.catalina.core.StandardEngine  : Starting Servlet engine: [Apache Tomcat/9.0.58]
2022-03-24 02:35:30.351  INFO 12204 --- [restartedMain] o.a.c.c.C.[Tomcat].[localhost].[/]       : Initializing Spring embedded WebApplicationContext
2022-03-24 02:35:30.352  INFO 12204 --- [restartedMain] w.s.c.ServletWebServerApplicationContext : Root WebApplicationContext: initialization completed in 2278 ms
2022-03-24 02:35:31.956  INFO 12204 --- [restartedMain] o.s.b.d.a.OptionalLiveReloadServer       : LiveReload server is running on port 35729
2022-03-24 02:35:31.971  INFO 12204 --- [restartedMain] o.s.b.a.e.web.EndpointLinksResolver      : Exposing 1 endpoint(s) beneath base path '/actuator'
2022-03-24 02:35:32.417  INFO 12204 --- [restartedMain] o.s.b.w.embedded.tomcat.TomcatWebServer  : Tomcat started on port(s): 8080 (http) with context path ''
2022-03-24 02:35:32.437  INFO 12204 --- [restartedMain] com.project.ProjectServiceApplication    : Started ProjectServiceApplication in 4.712 seconds (JVM running for 301.232)
2022-03-24 02:35:32.443  INFO 12204 --- [restartedMain] .ConditionEvaluationDeltaLoggingListener : Condition evaluation unchanged
2022-03-24 02:35:42.951  INFO 12204 --- [http-nio-8080-exec-1] o.a.c.c.C.[Tomcat].[localhost].[/]       : Initializing Spring DispatcherServlet 'dispatcherServlet'
2022-03-24 02:35:42.953  INFO 12204 --- [http-nio-8080-exec-1] o.s.web.servlet.DispatcherServlet        : Initializing Servlet 'dispatcherServlet'
2022-03-24 02:35:42.955  INFO 12204 --- [http-nio-8080-exec-1] o.s.web.servlet.DispatcherServlet        : Completed initialization in 2 ms
2022-03-24 02:35:42.964  INFO 12204 --- [http-nio-8080-exec-1] c.project.controller.ProjectController   : Test Successfully
